time_for_training  235.18232417106628
time_for_training  160.59188151359558
time_for_training  163.55674147605896
time_for_training  162.99099969863892
time_for_training  162.88790559768677
time_for_training  162.52475690841675
time_for_training  162.83498096466064
time_for_training  162.79640102386475
time_for_training  162.85171127319336
time_for_training  162.59216928482056
time_for_training  163.0530824661255
time_for_training  162.19458317756653
time_for_training  162.02283763885498
time_for_training  161.82488107681274
time_for_training  159.87008452415466
time_for_training  159.0663459300995
time_for_training  160.61940670013428
time_for_training  162.3702790737152
time_for_training  161.82664823532104
time_for_training  161.9378309249878
time_for_training  160.36396718025208
time_for_training  160.11951208114624
time_for_training  161.40795516967773
time_for_training  160.93210244178772
time_for_training  159.0984125137329
time_for_training  159.2657458782196
time_for_training  159.14677834510803
time_for_training  158.74374175071716
time_for_training  159.5253667831421
time_for_training  159.14874839782715
time_for_training  158.8788468837738
time_for_training  158.34361100196838
time_for_training  158.77366161346436
time_for_training  158.83684134483337
time_for_training  159.79424691200256
time_for_training  158.56186151504517
time_for_training  158.58277320861816
time_for_training  159.77508163452148
time_for_training  156.65864849090576
time_for_training  157.05304312705994
time_for_training  158.82541513442993
time_for_training  158.50719738006592
time_for_training  156.99805903434753
time_for_training  158.03694200515747
time_for_training  157.12671637535095
time_for_training  156.8444938659668
time_for_training  158.54350113868713
time_for_training  157.15530014038086
time_for_training  157.03809666633606
time_for_training  161.0858736038208
time_for_training  161.63795614242554
time_for_training  161.32429313659668
time_for_training  162.23003840446472
time_for_training  163.3415880203247
time_for_training  161.01678133010864
time_for_training  158.83587980270386
time_for_training  158.6658797264099
time_for_training  158.96628499031067
time_for_training  158.95542216300964
time_for_training  159.54376745224
time_for_training  160.3273811340332
time_for_training  157.2194585800171
time_for_training  158.62431836128235
time_for_training  158.43583226203918
time_for_training  158.51393222808838
time_for_training  160.4582281112671
time_for_training  157.7988018989563
time_for_training  155.57994675636292
time_for_training  157.8683784008026
time_for_training  156.70842266082764
time_for_training  156.87802505493164
time_for_training  157.595228433609
time_for_training  156.40145659446716
time_for_training  158.8556170463562
time_for_training  159.76845574378967
time_for_training  159.32618880271912
time_for_training  159.14841198921204
time_for_training  158.99036288261414
time_for_training  159.55027294158936
time_for_training  159.23880171775818
time_for_training  159.12940382957458
time_for_training  159.03612852096558
time_for_training  159.34931421279907
time_for_training  159.59256315231323
time_for_training  159.54361629486084
time_for_training  159.73924708366394
time_for_training  159.1795690059662
time_for_training  159.42090964317322
time_for_training  159.7407739162445
time_for_training  159.6555199623108
time_for_training  159.3814342021942
time_for_training  159.38336062431335
time_for_training  159.59507393836975
time_for_training  159.3752202987671
time_for_training  161.21179294586182
time_for_training  162.8402235507965
time_for_training  162.8044593334198
time_for_training  162.96302580833435
time_for_training  162.19177412986755
time_for_training  162.4769365787506

+------------------ Job Report: 62781698 (COMPLETED) ------------------+
| Memory (RAM)  [####                ] 22.2% (1.8 GB peak / 8 GB)      |
| CPU           [#####               ] 25.6% average                   |
| GPU           [###                 ] 16.8% average                   |
| Time          [------>             ] 30.6% (0-04:35:03 / 0-15:00:00) |
|                                                                      |
| Lustre Filesystem:                                                   |
|   Path    Total Read    Total Write    Total IOPS                    |
|   ------  ------------  -------------  ------------                  |
|   /apps   0 B           0 B            442                           |
|   /fred   1.7 GB        2.6 GB         207.3 K                       |
|   /home   68 KB         0 B            17                            |
|   OS      4 KB          0 B            1                             |
|                                                                      |
| Warnings:                                                            |
|   - Too much memory requested                                        |
|   - CPU usage is low                                                 |
|   - GPU usage is low                                                 |
|   - Too much time requested                                          |
+----------------------------------------------------------------------+
