torch.Size([4, 3, 1024, 1024])
torch.Size([4, 1, 1024, 1024])
sparse_embeddings shape: torch.Size([4, 0, 256])
p1 shape before unsqueeze: torch.Size([4, 256])
p1 shape after unsqueeze: torch.Size([4, 1, 256])
sparse_embeddings shape: torch.Size([1, 0, 256])
p1 shape before unsqueeze: torch.Size([1, 256])
p1 shape after unsqueeze: torch.Size([1, 1, 256])
imge shape: torch.Size([4, 64, 64, 256])
tmp_imge_expanded shape: torch.Size([4, 64, 64, 256])
p1 shape: torch.Size([4, 1, 256])
p2 shape: torch.Size([4, 1, 256])

+------------------- Job Report: 62616239 (FAILED) --------------------+
| Memory (RAM)  [                    ]  0.6% (870.2 MB peak / 150 GB)  |
| CPU           [                    ]  2.0% average                   |
| Time          [>                   ]  1.1% (0-00:00:38 / 0-01:00:00) |
|                                                                      |
| Lustre Filesystem:                                                   |
|   No data available                                                  |
+----------------------------------------------------------------------+
