Image shape: torch.Size([3, 1024, 1024]), Label shape: torch.Size([1536, 1024, 1024])
Image shape: torch.Size([3, 1024, 1024]), Label shape: torch.Size([1051, 1024, 1024])
Image shape: torch.Size([3, 1024, 1024]), Label shape: torch.Size([768, 1024, 1024])
Image shape: torch.Size([3, 1024, 1024]), Label shape: torch.Size([2848, 1024, 1024])
Image shape: torch.Size([3, 1024, 1024]), Label shape: torch.Size([2848, 1024, 1024])
Image shape: torch.Size([3, 1024, 1024]), Label shape: torch.Size([2304, 1024, 1024])

+------------------- Job Report: 62553355 (FAILED) --------------------+
| Memory (RAM)  [######              ] 34.8% (17.4 GB peak / 50 GB)    |
| CPU           [                    ]  3.3% average                   |
| GPU           [                    ]  0.0% average                   |
| Time          [->                  ]  7.5% (0-00:04:29 / 0-01:00:00) |
|                                                                      |
| Lustre Filesystem:                                                   |
|   Path    Total Read    Total Write    Total IOPS                    |
|   ------  ------------  -------------  ------------                  |
|   /apps   24.9 MB       0 B            1.3 K                         |
|   /fred   760 KB        3 KB           5 K                           |
|   /home   0 B           0 B            6                             |
|   OS      0 B           0 B            3                             |
|                                                                      |
| Warnings:                                                            |
|   - Too much memory requested                                        |
|   - CPU usage is low                                                 |
|   - GPU usage is low                                                 |
|   - Too much time requested                                          |
+----------------------------------------------------------------------+
