Namespace(net='oneprompt', baseline='unet', seg_net='transunet', mod='one_adpt', exp_name='basic_exp', type='map', vis=None, reverse=False, pretrain=False, val_freq=100, gpu=True, gpu_device=0, sim_gpu=0, epoch_ini=1, image_size=1024, out_size=256, patch_size=4, dim=256, depth=1, heads=16, mlp_dim=1024, w=4, b=4, s=True, warm=1, lr=0.0001, uinch=1, imp_lr=0.0003, weights=0, base_weights=0, sim_weights=0, distributed='none', dataset='oneprompt', one_ckpt=None, thd=False, chunk=1, num_sample=4, roi_size=96, evl_chunk=None, data_path='/fred/oz345/khoa/one-prompt/data/ISIC', path_helper={'prefix': 'logs/basic_exp_2024_11_05_21_55_08', 'ckpt_path': 'logs/basic_exp_2024_11_05_21_55_08/Model', 'log_path': 'logs/basic_exp_2024_11_05_21_55_08/Log', 'sample_path': 'logs/basic_exp_2024_11_05_21_55_08/Samples'})
Epoch 0:   0%|          | 0/180 [00:00<?, ?img/s]Epoch 0:   0%|          | 0/180 [01:26<?, ?img/s]
Traceback (most recent call last):
  File "/fred/oz345/khoa/one-prompt/train.py", line 82, in <module>
    loss = function.train_one(args, net, optimizer, nice_train_loader, epoch, writer, vis = args.vis)
           ^^^^^^^^^^^^^^^^^^^^^^^^^^^^^^^^^^^^^^^^^^^^^^^^^^^^^^^^^^^^^^^^^^^^^^^^^^^^^^^^^^^^^^^^^^
  File "/fred/oz345/khoa/one-prompt/function.py", line 86, in train_one
    for pack in train_loader:
  File "/home/dpham/.conda/envs/oneprompt/lib/python3.11/site-packages/torch/utils/data/dataloader.py", line 630, in __next__
    data = self._next_data()
           ^^^^^^^^^^^^^^^^^
  File "/home/dpham/.conda/envs/oneprompt/lib/python3.11/site-packages/torch/utils/data/dataloader.py", line 674, in _next_data
    data = self._dataset_fetcher.fetch(index)  # may raise StopIteration
           ^^^^^^^^^^^^^^^^^^^^^^^^^^^^^^^^^^
  File "/home/dpham/.conda/envs/oneprompt/lib/python3.11/site-packages/torch/utils/data/_utils/fetch.py", line 54, in fetch
    return self.collate_fn(data)
           ^^^^^^^^^^^^^^^^^^^^^
  File "/home/dpham/.conda/envs/oneprompt/lib/python3.11/site-packages/torch/utils/data/_utils/collate.py", line 265, in default_collate
    return collate(batch, collate_fn_map=default_collate_fn_map)
           ^^^^^^^^^^^^^^^^^^^^^^^^^^^^^^^^^^^^^^^^^^^^^^^^^^^^^
  File "/home/dpham/.conda/envs/oneprompt/lib/python3.11/site-packages/torch/utils/data/_utils/collate.py", line 127, in collate
    return elem_type({key: collate([d[key] for d in batch], collate_fn_map=collate_fn_map) for key in elem})
                     ^^^^^^^^^^^^^^^^^^^^^^^^^^^^^^^^^^^^^^^^^^^^^^^^^^^^^^^^^^^^^^^^^^^^^^^^^^^^^^^^^^^^^^
  File "/home/dpham/.conda/envs/oneprompt/lib/python3.11/site-packages/torch/utils/data/_utils/collate.py", line 127, in <dictcomp>
    return elem_type({key: collate([d[key] for d in batch], collate_fn_map=collate_fn_map) for key in elem})
                           ^^^^^^^^^^^^^^^^^^^^^^^^^^^^^^^^^^^^^^^^^^^^^^^^^^^^^^^^^^^^^^^
  File "/home/dpham/.conda/envs/oneprompt/lib/python3.11/site-packages/torch/utils/data/_utils/collate.py", line 119, in collate
    return collate_fn_map[elem_type](batch, collate_fn_map=collate_fn_map)
           ^^^^^^^^^^^^^^^^^^^^^^^^^^^^^^^^^^^^^^^^^^^^^^^^^^^^^^^^^^^^^^^
  File "/home/dpham/.conda/envs/oneprompt/lib/python3.11/site-packages/torch/utils/data/_utils/collate.py", line 162, in collate_tensor_fn
    return torch.stack(batch, 0, out=out)
           ^^^^^^^^^^^^^^^^^^^^^^^^^^^^^^
RuntimeError: stack expects each tensor to be equal size, but got [768, 1024, 1024] at entry 0 and [2592, 1024, 1024] at entry 2
